build/app/intermediates/manifest_merge_blame_file/release/manifest-merger-blame-release-report.txt
1<?xml version="1.0" encoding="utf-8"?>
2<manifest xmlns:android="http://schemas.android.com/apk/res/android"
3    package="com.example.chat_app1"
4    android:versionCode="1"
5    android:versionName="1.0.0" >
6
7    <uses-sdk
8        android:minSdkVersion="20"
8-->src\main\AndroidManifest.xml
9        android:targetSdkVersion="31" />
9-->src\main\AndroidManifest.xml
10    <!-- Samsung Badge -->
11    <uses-permission android:name="com.sec.android.provider.badge.permission.READ" />
11-->[:awesome_notifications] AndroidManifest.xml:8:5-86
11-->[:awesome_notifications] AndroidManifest.xml:8:22-83
12    <uses-permission android:name="com.sec.android.provider.badge.permission.WRITE" /> <!-- Sony Badge -->
12-->[:awesome_notifications] AndroidManifest.xml:9:5-87
12-->[:awesome_notifications] AndroidManifest.xml:9:22-84
13    <uses-permission android:name="com.sonyericsson.home.permission.BROADCAST_BADGE" /> <!-- HTC Badge -->
13-->[:awesome_notifications] AndroidManifest.xml:12:5-88
13-->[:awesome_notifications] AndroidManifest.xml:12:22-85
14    <uses-permission android:name="com.htc.launcher.permission.READ_SETTINGS" />
14-->[:awesome_notifications] AndroidManifest.xml:15:5-81
14-->[:awesome_notifications] AndroidManifest.xml:15:22-78
15    <uses-permission android:name="com.htc.launcher.permission.UPDATE_SHORTCUT" />
15-->[:awesome_notifications] AndroidManifest.xml:16:5-83
15-->[:awesome_notifications] AndroidManifest.xml:16:22-80
16    <uses-permission android:name="android.permission.RECEIVE_BOOT_COMPLETED" />
16-->[:awesome_notifications] AndroidManifest.xml:17:5-81
16-->[:awesome_notifications] AndroidManifest.xml:17:22-78
17    <uses-permission android:name="android.permission.INTERNET" />
17-->[com.google.firebase:firebase-auth:21.0.1] AndroidManifest.xml:23:5-67
17-->[com.google.firebase:firebase-auth:21.0.1] AndroidManifest.xml:23:22-64
18    <uses-permission android:name="android.permission.ACCESS_NETWORK_STATE" />
18-->[com.google.firebase:firebase-auth:21.0.1] AndroidManifest.xml:24:5-79
18-->[com.google.firebase:firebase-auth:21.0.1] AndroidManifest.xml:24:22-76
19
20    <application
20-->src\main\AndroidManifest.xml:3:4-40:19
21        android:name="androidx.multidex.MultiDexApplication"
22        android:appComponentFactory="androidx.core.app.CoreComponentFactory"
22-->[androidx.core:core:1.3.1] AndroidManifest.xml:24:18-86
23        android:icon="@mipmap/ic_launcher"
23-->src\main\AndroidManifest.xml:5:9-43
24        android:label="chat_app1" >
24-->src\main\AndroidManifest.xml:4:9-34
25        <activity
25-->src\main\AndroidManifest.xml:6:9-34:20
26            android:name="com.example.chat_app1.MainActivity"
26-->src\main\AndroidManifest.xml:7:13-41
27            android:configChanges="orientation|keyboardHidden|keyboard|screenSize|smallestScreenSize|locale|layoutDirection|fontScale|screenLayout|density|uiMode"
27-->src\main\AndroidManifest.xml:10:13-163
28            android:hardwareAccelerated="true"
28-->src\main\AndroidManifest.xml:11:13-47
29            android:launchMode="singleTop"
29-->src\main\AndroidManifest.xml:8:13-43
30            android:theme="@style/LaunchTheme"
30-->src\main\AndroidManifest.xml:9:13-47
31            android:windowSoftInputMode="adjustResize" >
31-->src\main\AndroidManifest.xml:12:13-55
32
33            <!--
34                 Specifies an Android theme to apply to this Activity as soon as
35                 the Android process has started. This theme is visible to the user
36                 while the Flutter UI initializes. After that, this theme continues
37                 to determine the Window background behind the Flutter UI.
38            -->
39            <meta-data
39-->src\main\AndroidManifest.xml:17:13-20:17
40                android:name="io.flutter.embedding.android.NormalTheme"
40-->src\main\AndroidManifest.xml:18:15-70
41                android:resource="@style/NormalTheme" />
41-->src\main\AndroidManifest.xml:19:15-52
42            <!--
43                 Displays an Android View that continues showing the launch screen
44                 Drawable until Flutter paints its first frame, then this splash
45                 screen fades out. A splash screen is useful to avoid any visual
46                 gap between the end of Android's launch screen and the painting of
47                 Flutter's first frame.
48            -->
49            <meta-data
49-->src\main\AndroidManifest.xml:26:13-29:17
50                android:name="io.flutter.embedding.android.SplashScreenDrawable"
50-->src\main\AndroidManifest.xml:27:15-79
51                android:resource="@drawable/launch_background" />
51-->src\main\AndroidManifest.xml:28:15-61
52
53            <intent-filter>
53-->src\main\AndroidManifest.xml:30:13-33:29
54                <action android:name="android.intent.action.MAIN" />
54-->src\main\AndroidManifest.xml:31:17-68
54-->src\main\AndroidManifest.xml:31:25-66
55
56                <category android:name="android.intent.category.LAUNCHER" />
56-->src\main\AndroidManifest.xml:32:17-76
56-->src\main\AndroidManifest.xml:32:27-74
57            </intent-filter>
58        </activity>
59        <!--
60             Don't delete the meta-data below.
61             This is used by the Flutter tool to generate GeneratedPluginRegistrant.java
62        -->
63        <meta-data
63-->src\main\AndroidManifest.xml:37:9-39:33
64            android:name="flutterEmbedding"
64-->src\main\AndroidManifest.xml:38:13-44
65            android:value="2" />
65-->src\main\AndroidManifest.xml:39:13-30
66
67        <service
67-->[:firebase_auth] AndroidManifest.xml:8:9-12:19
68            android:name="com.google.firebase.components.ComponentDiscoveryService"
68-->[:firebase_auth] AndroidManifest.xml:8:18-89
69            android:directBootAware="true"
69-->[com.google.firebase:firebase-common:20.0.0] AndroidManifest.xml:35:13-43
70            android:exported="false" >
70-->[com.google.firebase:firebase-storage-ktx:20.0.0] AndroidManifest.xml:14:13-37
71            <meta-data
71-->[:firebase_auth] AndroidManifest.xml:9:13-11:85
72                android:name="com.google.firebase.components:io.flutter.plugins.firebase.auth.FlutterFirebaseAuthRegistrar"
72-->[:firebase_auth] AndroidManifest.xml:10:17-124
73                android:value="com.google.firebase.components.ComponentRegistrar" />
73-->[:firebase_auth] AndroidManifest.xml:11:17-82
74            <meta-data
74-->[:cloud_firestore] AndroidManifest.xml:9:13-11:85
75                android:name="com.google.firebase.components:io.flutter.plugins.firebase.firestore.FlutterFirebaseFirestoreRegistrar"
75-->[:cloud_firestore] AndroidManifest.xml:10:17-134
76                android:value="com.google.firebase.components.ComponentRegistrar" />
76-->[:cloud_firestore] AndroidManifest.xml:11:17-82
77            <meta-data
77-->[:firebase_core] AndroidManifest.xml:9:13-11:85
78                android:name="com.google.firebase.components:io.flutter.plugins.firebase.core.FlutterFirebaseCoreRegistrar"
78-->[:firebase_core] AndroidManifest.xml:10:17-124
79                android:value="com.google.firebase.components.ComponentRegistrar" />
79-->[:firebase_core] AndroidManifest.xml:11:17-82
80            <meta-data
80-->[com.google.firebase:firebase-storage-ktx:20.0.0] AndroidManifest.xml:15:13-17:85
81                android:name="com.google.firebase.components:com.google.firebase.storage.ktx.FirebaseStorageKtxRegistrar"
81-->[com.google.firebase:firebase-storage-ktx:20.0.0] AndroidManifest.xml:16:17-122
82                android:value="com.google.firebase.components.ComponentRegistrar" />
82-->[com.google.firebase:firebase-storage-ktx:20.0.0] AndroidManifest.xml:17:17-82
83            <meta-data
83-->[com.google.firebase:firebase-common-ktx:20.0.0] AndroidManifest.xml:15:13-17:85
84                android:name="com.google.firebase.components:com.google.firebase.ktx.FirebaseCommonKtxRegistrar"
84-->[com.google.firebase:firebase-common-ktx:20.0.0] AndroidManifest.xml:16:17-113
85                android:value="com.google.firebase.components.ComponentRegistrar" />
85-->[com.google.firebase:firebase-common-ktx:20.0.0] AndroidManifest.xml:17:17-82
86            <meta-data
86-->[com.google.firebase:firebase-auth:21.0.1] AndroidManifest.xml:77:13-79:85
87                android:name="com.google.firebase.components:com.google.firebase.auth.FirebaseAuthRegistrar"
87-->[com.google.firebase:firebase-auth:21.0.1] AndroidManifest.xml:78:17-109
88                android:value="com.google.firebase.components.ComponentRegistrar" />
88-->[com.google.firebase:firebase-auth:21.0.1] AndroidManifest.xml:79:17-82
89            <meta-data
89-->[com.google.firebase:firebase-firestore:23.0.4] AndroidManifest.xml:20:13-22:85
90                android:name="com.google.firebase.components:com.google.firebase.firestore.FirestoreRegistrar"
90-->[com.google.firebase:firebase-firestore:23.0.4] AndroidManifest.xml:21:17-111
91                android:value="com.google.firebase.components.ComponentRegistrar" />
91-->[com.google.firebase:firebase-firestore:23.0.4] AndroidManifest.xml:22:17-82
92            <meta-data
92-->[com.google.firebase:firebase-storage:20.0.0] AndroidManifest.xml:33:13-35:85
93                android:name="com.google.firebase.components:com.google.firebase.storage.StorageRegistrar"
93-->[com.google.firebase:firebase-storage:20.0.0] AndroidManifest.xml:34:17-107
94                android:value="com.google.firebase.components.ComponentRegistrar" />
94-->[com.google.firebase:firebase-storage:20.0.0] AndroidManifest.xml:35:17-82
95        </service>
96        <!--
97        <service
98            android:name=".services.firebase.FCMService"
99            android:exported="false">
100            <intent-filter>
101                <action android:name="com.google.firebase.MESSAGING_EVENT"/>
102            </intent-filter>
103        </service>
104
105        <service
106            android:name=".services.AutoCancelService"
107            android:stopWithTask="true" />
108
109        <meta-data android:name="firebase_messaging_auto_init_enabled" android:value="true" />
110
111        <meta-data
112            android:name="com.google.firebase.messaging.default_notification_channel_id"
113            android:value="me.carda.awesome_notifications.firebase.background_channel"/>
114        -->
115        <receiver android:name="me.carda.awesome_notifications.notifications.broadcastReceivers.DismissedNotificationReceiver" />
115-->[:awesome_notifications] AndroidManifest.xml:41:9-130
115-->[:awesome_notifications] AndroidManifest.xml:41:19-127
116        <receiver android:name="me.carda.awesome_notifications.notifications.broadcastReceivers.ScheduledNotificationReceiver" />
116-->[:awesome_notifications] AndroidManifest.xml:42:9-130
116-->[:awesome_notifications] AndroidManifest.xml:42:19-127
117        <receiver android:name="me.carda.awesome_notifications.notifications.broadcastReceivers.KeepOnTopActionReceiver" />
117-->[:awesome_notifications] AndroidManifest.xml:43:9-124
117-->[:awesome_notifications] AndroidManifest.xml:43:19-121
118        <receiver
118-->[:awesome_notifications] AndroidManifest.xml:44:9-56:20
119            android:name="me.carda.awesome_notifications.notifications.broadcastReceivers.RefreshNotificationBootReceiver"
119-->[:awesome_notifications] AndroidManifest.xml:45:13-123
120            android:exported="false" >
120-->[:awesome_notifications] AndroidManifest.xml:46:13-37
121            <intent-filter>
121-->[:awesome_notifications] AndroidManifest.xml:47:13-55:29
122                <category android:name="android.intent.category.DEFAULT" />
122-->[:awesome_notifications] AndroidManifest.xml:48:17-76
122-->[:awesome_notifications] AndroidManifest.xml:48:27-73
123
124                <action android:name="android.intent.action.BOOT_COMPLETED" />
124-->[:awesome_notifications] AndroidManifest.xml:50:17-79
124-->[:awesome_notifications] AndroidManifest.xml:50:25-76
125                <action android:name="android.intent.action.LOCKED_BOOT_COMPLETED" />
125-->[:awesome_notifications] AndroidManifest.xml:51:17-86
125-->[:awesome_notifications] AndroidManifest.xml:51:25-83
126                <action android:name="android.intent.action.MY_PACKAGE_REPLACED" />
126-->[:awesome_notifications] AndroidManifest.xml:52:17-84
126-->[:awesome_notifications] AndroidManifest.xml:52:25-81
127                <action android:name="android.intent.action.QUICKBOOT_POWERON" />
127-->[:awesome_notifications] AndroidManifest.xml:53:17-82
127-->[:awesome_notifications] AndroidManifest.xml:53:25-79
128                <action android:name="com.htc.intent.action.QUICKBOOT_POWERON" />
128-->[:awesome_notifications] AndroidManifest.xml:54:17-82
128-->[:awesome_notifications] AndroidManifest.xml:54:25-79
129            </intent-filter>
130        </receiver>
131        <receiver
131-->[:awesome_notifications] AndroidManifest.xml:57:9-63:20
132            android:name="androidx.media.session.MediaButtonReceiver"
132-->[:awesome_notifications] AndroidManifest.xml:58:13-70
133            android:exported="false" >
133-->[:awesome_notifications] AndroidManifest.xml:59:13-37
134            <intent-filter>
134-->[:awesome_notifications] AndroidManifest.xml:60:13-62:29
135                <action android:name="android.intent.action.MEDIA_BUTTON" />
135-->[:awesome_notifications] AndroidManifest.xml:61:17-77
135-->[:awesome_notifications] AndroidManifest.xml:61:25-74
136            </intent-filter>
137        </receiver>
138
139        <activity
139-->[com.google.firebase:firebase-auth:21.0.1] AndroidManifest.xml:27:9-44:20
140            android:name="com.google.firebase.auth.internal.GenericIdpActivity"
140-->[com.google.firebase:firebase-auth:21.0.1] AndroidManifest.xml:28:13-80
141            android:excludeFromRecents="true"
141-->[com.google.firebase:firebase-auth:21.0.1] AndroidManifest.xml:29:13-46
142            android:exported="true"
142-->[com.google.firebase:firebase-auth:21.0.1] AndroidManifest.xml:30:13-36
143            android:launchMode="singleTask"
143-->[com.google.firebase:firebase-auth:21.0.1] AndroidManifest.xml:31:13-44
144            android:theme="@android:style/Theme.Translucent.NoTitleBar" >
144-->[com.google.firebase:firebase-auth:21.0.1] AndroidManifest.xml:32:13-72
145            <intent-filter>
145-->[com.google.firebase:firebase-auth:21.0.1] AndroidManifest.xml:33:13-43:29
146                <action android:name="android.intent.action.VIEW" />
146-->[com.google.firebase:firebase-auth:21.0.1] AndroidManifest.xml:34:17-69
146-->[com.google.firebase:firebase-auth:21.0.1] AndroidManifest.xml:34:25-66
147
148                <category android:name="android.intent.category.DEFAULT" />
148-->[:awesome_notifications] AndroidManifest.xml:48:17-76
148-->[:awesome_notifications] AndroidManifest.xml:48:27-73
149                <category android:name="android.intent.category.BROWSABLE" />
149-->[com.google.firebase:firebase-auth:21.0.1] AndroidManifest.xml:37:17-78
149-->[com.google.firebase:firebase-auth:21.0.1] AndroidManifest.xml:37:27-75
150
151                <data
151-->[com.google.firebase:firebase-auth:21.0.1] AndroidManifest.xml:39:17-42:51
152                    android:host="firebase.auth"
152-->[com.google.firebase:firebase-auth:21.0.1] AndroidManifest.xml:40:21-49
153                    android:path="/"
153-->[com.google.firebase:firebase-auth:21.0.1] AndroidManifest.xml:41:21-37
154                    android:scheme="genericidp" />
154-->[com.google.firebase:firebase-auth:21.0.1] AndroidManifest.xml:42:21-48
155            </intent-filter>
156        </activity>
157        <activity
157-->[com.google.firebase:firebase-auth:21.0.1] AndroidManifest.xml:45:9-62:20
158            android:name="com.google.firebase.auth.internal.RecaptchaActivity"
158-->[com.google.firebase:firebase-auth:21.0.1] AndroidManifest.xml:46:13-79
159            android:excludeFromRecents="true"
159-->[com.google.firebase:firebase-auth:21.0.1] AndroidManifest.xml:47:13-46
160            android:exported="true"
160-->[com.google.firebase:firebase-auth:21.0.1] AndroidManifest.xml:48:13-36
161            android:launchMode="singleTask"
161-->[com.google.firebase:firebase-auth:21.0.1] AndroidManifest.xml:49:13-44
162            android:theme="@android:style/Theme.Translucent.NoTitleBar" >
162-->[com.google.firebase:firebase-auth:21.0.1] AndroidManifest.xml:50:13-72
163            <intent-filter>
163-->[com.google.firebase:firebase-auth:21.0.1] AndroidManifest.xml:51:13-61:29
164                <action android:name="android.intent.action.VIEW" />
164-->[com.google.firebase:firebase-auth:21.0.1] AndroidManifest.xml:34:17-69
164-->[com.google.firebase:firebase-auth:21.0.1] AndroidManifest.xml:34:25-66
165
166                <category android:name="android.intent.category.DEFAULT" />
166-->[:awesome_notifications] AndroidManifest.xml:48:17-76
166-->[:awesome_notifications] AndroidManifest.xml:48:27-73
167                <category android:name="android.intent.category.BROWSABLE" />
167-->[com.google.firebase:firebase-auth:21.0.1] AndroidManifest.xml:37:17-78
167-->[com.google.firebase:firebase-auth:21.0.1] AndroidManifest.xml:37:27-75
168
169                <data
169-->[com.google.firebase:firebase-auth:21.0.1] AndroidManifest.xml:39:17-42:51
170                    android:host="firebase.auth"
170-->[com.google.firebase:firebase-auth:21.0.1] AndroidManifest.xml:40:21-49
171                    android:path="/"
171-->[com.google.firebase:firebase-auth:21.0.1] AndroidManifest.xml:41:21-37
172                    android:scheme="recaptcha" />
172-->[com.google.firebase:firebase-auth:21.0.1] AndroidManifest.xml:42:21-48
173            </intent-filter>
174        </activity>
175
176        <service
176-->[com.google.firebase:firebase-auth:21.0.1] AndroidManifest.xml:64:9-73:19
177            android:name="com.google.firebase.auth.api.fallback.service.FirebaseAuthFallbackService"
177-->[com.google.firebase:firebase-auth:21.0.1] AndroidManifest.xml:65:13-101
178            android:enabled="true"
178-->[com.google.firebase:firebase-auth:21.0.1] AndroidManifest.xml:66:13-35
179            android:exported="false" >
179-->[com.google.firebase:firebase-auth:21.0.1] AndroidManifest.xml:67:13-37
180            <intent-filter>
180-->[com.google.firebase:firebase-auth:21.0.1] AndroidManifest.xml:68:13-72:29
181                <action android:name="com.google.firebase.auth.api.gms.service.START" />
181-->[com.google.firebase:firebase-auth:21.0.1] AndroidManifest.xml:69:17-89
181-->[com.google.firebase:firebase-auth:21.0.1] AndroidManifest.xml:69:25-86
182
183                <category android:name="android.intent.category.DEFAULT" />
183-->[:awesome_notifications] AndroidManifest.xml:48:17-76
183-->[:awesome_notifications] AndroidManifest.xml:48:27-73
184            </intent-filter>
185        </service>
186
187        <provider
187-->[com.google.firebase:firebase-common:20.0.0] AndroidManifest.xml:26:9-31:39
188            android:name="com.google.firebase.provider.FirebaseInitProvider"
188-->[com.google.firebase:firebase-common:20.0.0] AndroidManifest.xml:27:13-77
189            android:authorities="com.example.chat_app1.firebaseinitprovider"
189-->[com.google.firebase:firebase-common:20.0.0] AndroidManifest.xml:28:13-72
190            android:directBootAware="true"
190-->[com.google.firebase:firebase-common:20.0.0] AndroidManifest.xml:29:13-43
191            android:exported="false"
191-->[com.google.firebase:firebase-common:20.0.0] AndroidManifest.xml:30:13-37
192            android:initOrder="100" />
192-->[com.google.firebase:firebase-common:20.0.0] AndroidManifest.xml:31:13-36
193
194        <activity
194-->[com.google.android.gms:play-services-base:17.1.0] AndroidManifest.xml:23:9-26:75
195            android:name="com.google.android.gms.common.api.GoogleApiActivity"
195-->[com.google.android.gms:play-services-base:17.1.0] AndroidManifest.xml:24:13-79
196            android:exported="false"
196-->[com.google.android.gms:play-services-base:17.1.0] AndroidManifest.xml:25:13-37
197            android:theme="@android:style/Theme.Translucent.NoTitleBar" />
197-->[com.google.android.gms:play-services-base:17.1.0] AndroidManifest.xml:26:13-72
198
199        <meta-data
199-->[com.google.android.gms:play-services-basement:17.1.0] AndroidManifest.xml:23:9-25:69
200            android:name="com.google.android.gms.version"
200-->[com.google.android.gms:play-services-basement:17.1.0] AndroidManifest.xml:24:13-58
201            android:value="@integer/google_play_services_version" />
201-->[com.google.android.gms:play-services-basement:17.1.0] AndroidManifest.xml:25:13-66
202
203        <provider
203-->[androidx.lifecycle:lifecycle-process:2.2.0] AndroidManifest.xml:25:9-29:43
204            android:name="androidx.lifecycle.ProcessLifecycleOwnerInitializer"
204-->[androidx.lifecycle:lifecycle-process:2.2.0] AndroidManifest.xml:26:13-79
205            android:authorities="com.example.chat_app1.lifecycle-process"
205-->[androidx.lifecycle:lifecycle-process:2.2.0] AndroidManifest.xml:27:13-69
206            android:exported="false"
206-->[androidx.lifecycle:lifecycle-process:2.2.0] AndroidManifest.xml:28:13-37
207            android:multiprocess="true" />
207-->[androidx.lifecycle:lifecycle-process:2.2.0] AndroidManifest.xml:29:13-40
208    </application>
209
210</manifest>